<?xml version="1.0" ?><testsuite name="umbcs680.hw08.fs.FSElementTest" time="0.007" timestamp="2025-05-06T00:24:00" tests="5" failures="0" skipped="0" aborted="0"><properties>
[...]
</properties><testcase classname="umbcs680.hw08.fs.FSElementTest" name="getName()" time="0.0"></testcase><testcase classname="umbcs680.hw08.fs.FSElementTest" name="isDirectory()" time="0.001"></testcase><testcase classname="umbcs680.hw08.fs.FSElementTest" name="getCreationTime()" time="0.003"></testcase><testcase classname="umbcs680.hw08.fs.FSElementTest" name="testGetTotalSize()" time="0.0"></testcase><testcase classname="umbcs680.hw08.fs.FSElementTest" name="getParent()" time="0.001"></testcase></testsuite>