<?xml version="1.0" encoding="UTF-8" ?>
<testsuites>
  <testsuite aborted="0" failures="0" id="0" name="DirectoryTest" package="umbcs680.hw08.fs" skipped="0" tests="7" time="0.08" timestamp="2025-05-06T00:24:00">
    <properties>
[...]
</properties>
    <testcase classname="umbcs680.hw08.fs.DirectoryTest" name="countChildren()" time="0.001" />
    <testcase classname="umbcs680.hw08.fs.DirectoryTest" name="getSubDirectories()" time="0.0" />
    <testcase classname="umbcs680.hw08.fs.DirectoryTest" name="appendChild()" time="0.009" />
    <testcase classname="umbcs680.hw08.fs.DirectoryTest" name="getFiles()" time="0.0" />
    <testcase classname="umbcs680.hw08.fs.DirectoryTest" name="getTotalSize()" time="0.0" />
    <testcase classname="umbcs680.hw08.fs.DirectoryTest" name="testEqualityCheckImplementationDir()" time="0.002" />
    <testcase classname="umbcs680.hw08.fs.DirectoryTest" name="isDirectory()" time="0.0" />
  </testsuite>
  <testsuite aborted="0" failures="0" id="1" name="FSElementTest" package="umbcs680.hw08.fs" skipped="0" tests="5" time="0.007" timestamp="2025-05-06T00:24:00">
    <properties>
[...]
</properties>
    <testcase classname="umbcs680.hw08.fs.FSElementTest" name="getName()" time="0.0" />
    <testcase classname="umbcs680.hw08.fs.FSElementTest" name="isDirectory()" time="0.001" />
    <testcase classname="umbcs680.hw08.fs.FSElementTest" name="getCreationTime()" time="0.003" />
    <testcase classname="umbcs680.hw08.fs.FSElementTest" name="testGetTotalSize()" time="0.0" />
    <testcase classname="umbcs680.hw08.fs.FSElementTest" name="getParent()" time="0.001" />
  </testsuite>
  <testsuite aborted="0" failures="0" id="2" name="FileSystemTest" package="umbcs680.hw08.fs" skipped="0" tests="6" time="0.01" timestamp="2025-05-06T00:24:00">
    <properties>
[...]
</properties>
    <testcase classname="umbcs680.hw08.fs.FileSystemTest" name="testGetFileSystem()" time="0.002" />
    <testcase classname="umbcs680.hw08.fs.FileSystemTest" name="testLinkResolution()" time="0.0" />
    <testcase classname="umbcs680.hw08.fs.FileSystemTest" name="testDirectoryStructure()" time="0.0" />
    <testcase classname="umbcs680.hw08.fs.FileSystemTest" name="testAppendRootDir()" time="0.002" />
    <testcase classname="umbcs680.hw08.fs.FileSystemTest" name="testFileSize()" time="0.001" />
    <testcase classname="umbcs680.hw08.fs.FileSystemTest" name="testGetRootDirs()" time="0.0" />
  </testsuite>
  <testsuite aborted="0" failures="0" id="3" name="FileTest" package="umbcs680.hw08.fs" skipped="0" tests="2" time="0.002" timestamp="2025-05-06T00:24:00">
    <properties>
[...]
</properties>
    <testcase classname="umbcs680.hw08.fs.FileTest" name="testEqualityCheckImplementationFile()" time="0.0" />
    <testcase classname="umbcs680.hw08.fs.FileTest" name="isDirectory()" time="0.0" />
  </testsuite>
  <testsuite aborted="0" failures="0" id="4" name="LinkTest" package="umbcs680.hw08.fs" skipped="0" tests="4" time="0.003" timestamp="2025-05-06T00:24:00">
    <properties>
[...]
</properties>
    <testcase classname="umbcs680.hw08.fs.LinkTest" name="accept()" time="0.001" />
    <testcase classname="umbcs680.hw08.fs.LinkTest" name="isDirectory()" time="0.0" />
    <testcase classname="umbcs680.hw08.fs.LinkTest" name="getSize()" time="0.0" />
    <testcase classname="umbcs680.hw08.fs.LinkTest" name="getTarget()" time="0.001" />
  </testsuite>
  <testsuite aborted="0" failures="0" id="5" name="CountingVisitorTest" package="umbcs680.hw08.util" skipped="0" tests="3" time="0.004" timestamp="2025-05-06T00:24:01">
    <properties>
[...]
</properties>
    <testcase classname="umbcs680.hw08.util.CountingVisitorTest" name="visit_file_count()" time="0.001" />
    <testcase classname="umbcs680.hw08.util.CountingVisitorTest" name="visit_dir_count()" time="0.0" />
    <testcase classname="umbcs680.hw08.util.CountingVisitorTest" name="visit_link_count()" time="0.001" />
  </testsuite>
  <testsuite aborted="0" failures="0" id="6" name="FileCrawlingVisitorTest" package="umbcs680.hw08.util" skipped="0" tests="3" time="0.005" timestamp="2025-05-06T00:24:01">
    <properties>
[...]
</properties>
    <testcase classname="umbcs680.hw08.util.FileCrawlingVisitorTest" name="visit_dir_count()" time="0.0" />
    <testcase classname="umbcs680.hw08.util.FileCrawlingVisitorTest" name="visit_file_count()" time="0.001" />
    <testcase classname="umbcs680.hw08.util.FileCrawlingVisitorTest" name="visit_link_count()" time="0.001" />
  </testsuite>
  <testsuite aborted="0" failures="0" id="7" name="FileSearchVisitorTest" package="umbcs680.hw08.util" skipped="0" tests="3" time="0.004" timestamp="2025-05-06T00:24:01">
    <properties>
[...]
</properties>
    <testcase classname="umbcs680.hw08.util.FileSearchVisitorTest" name="visit_link_count()" time="0.001" />
    <testcase classname="umbcs680.hw08.util.FileSearchVisitorTest" name="visit_dir_count()" time="0.0" />
    <testcase classname="umbcs680.hw08.util.FileSearchVisitorTest" name="visit_file_count()" time="0.001" />
  </testsuite>
</testsuites>
